This is pdfTeX, Version 3.141592653-2.6-1.40.22 (TeX Live 2022/dev/Debian) (preloaded format=latex 2024.3.19)  15 APR 2024 17:59
entering extended mode
 restricted \write18 enabled.
 %&-line parsing enabled.
**/tmp/Rtmp6CRz72/chunk-code-2219334caeaf.txt
(/tmp/Rtmp6CRz72/chunk-code-2219334caeaf.txt
LaTeX2e <2021-11-15> patch level 1
L3 programming layer <2022-01-21>

! LaTeX Error: Environment table undefined.

See the LaTeX manual or LaTeX Companion for explanation.
Type  H <return>  for immediate help.
 ...                                              
                                                  
l.1 \begin{table}
                 [!h]
? 
! Emergency stop.
 ...                                              
                                                  
l.1 \begin{table}
                 [!h]
Your command was ignored.
Type  I <command> <return>  to replace it with another command,
or  <return>  to continue without it.

 
Here is how much of TeX's memory you used:
 18 strings out of 480186
 644 string characters out of 5894239
 284095 words of memory out of 5000000
 18068 multiletter control sequences out of 15000+600000
 469259 words of font info for 28 fonts, out of 8000000 for 9000
 40 hyphenation exceptions out of 8191
 13i,0n,12p,92b,16s stack positions out of 5000i,500n,10000p,200000b,80000s
No pages of output.
